<?xml version="1.0" encoding="UTF-8"?>
<!-- Generated by org.testng.reporters.JUnitReportReporter -->
<testsuite skipped="0" hostname="Venkat" name="com.test.ClassA" tests="1" failures="0" timestamp="23 Feb 2019 11:34:47 GMT" time="24.175" errors="0">
  <testcase name="testB" time="24.175" classname="com.test.ClassA"/>
</testsuite> <!-- com.test.ClassA -->
