<?xml version="1.0" encoding="UTF-8"?>
<!-- Generated by org.testng.reporters.JUnitReportReporter -->
<testsuite skipped="0" hostname="Venkat" name="com.testcases.Login_test" tests="1" failures="0" timestamp="23 Feb 2019 12:19:47 GMT" time="47.109" errors="0">
  <testcase name="login_act" time="47.109" classname="com.testcases.Login_test"/>
</testsuite> <!-- com.testcases.Login_test -->
